This is pdfTeX, Version 3.14159265-2.6-1.40.18 (TeX Live 2017/Debian) (preloaded format=pdflatex 2018.5.6)  17 JUN 2018 13:58
entering extended mode
 restricted \write18 enabled.
 %&-line parsing enabled.
**resumo.tex
(./resumo.tex
LaTeX2e <2017-04-15>
Babel <3.18> and hyphenation patterns for 84 language(s) loaded.

! LaTeX Error: \maketitlehookd undefined.

See the LaTeX manual or LaTeX Companion for explanation.
Type  H <return>  for immediate help.
 ...                                              
                                                  
l.1 \renewcommand{\maketitlehookd}
                                  {%
Try typing  <return>  to proceed.
If that doesn't work, type  X <return>  to quit.

)
! Emergency stop.
<*> resumo.tex
              
*** (job aborted, no legal \end found)

 
Here is how much of TeX's memory you used:
 7 strings out of 492982
 150 string characters out of 6134897
 53922 words of memory out of 5000000
 3673 multiletter control sequences out of 15000+600000
 3640 words of font info for 14 fonts, out of 8000000 for 9000
 1141 hyphenation exceptions out of 8191
 7i,0n,5p,60b,14s stack positions out of 5000i,500n,10000p,200000b,80000s
!  ==> Fatal error occurred, no output PDF file produced!
